<?xml version="1.0" encoding="UTF-8"?>
<testsuite name="modelViewController.withComposite.domain.RegistryTest" tests="4" skipped="0" failures="0" errors="0" timestamp="2022-11-07T20:05:39" hostname="ADRIAN" time="0.033">
  <properties/>
  <testcase name="testRedoableAfterUndoWithOneElementRegistry()" classname="modelViewController.withComposite.domain.RegistryTest" time="0.027"/>
  <testcase name="testUndoableAndNotRedoableWithOneElementRegistry()" classname="modelViewController.withComposite.domain.RegistryTest" time="0.002"/>
  <testcase name="testNotUndoableOrRedoableWithEmptyRegistry()" classname="modelViewController.withComposite.domain.RegistryTest" time="0.001"/>
  <testcase name="testUndoableAfterUndoWithOneElementRegistry()" classname="modelViewController.withComposite.domain.RegistryTest" time="0.001"/>
  <system-out><![CDATA[]]></system-out>
  <system-err><![CDATA[]]></system-err>
</testsuite>
