<?xml version="1.0" encoding="UTF-8"?>
<testsuite name="modelViewController.withComposite.types.ColorTest" tests="6" skipped="0" failures="0" errors="0" timestamp="2022-10-31T18:54:25" hostname="ADRIAN" time="0.032">
  <properties/>
  <testcase name="testGivenColorNotExistingNameIfExceptionIsThrown()" classname="modelViewController.withComposite.types.ColorTest" time="0.021"/>
  <testcase name="testGivenIndexGetExistingColor()" classname="modelViewController.withComposite.types.ColorTest" time="0.003"/>
  <testcase name="testGivenIndexGetNotExistingColorThrowsAssertion()" classname="modelViewController.withComposite.types.ColorTest" time="0.001"/>
  <testcase name="testGivenColorIsNullOrNot()" classname="modelViewController.withComposite.types.ColorTest" time="0.0"/>
  <testcase name="testGetColorsListHasCorrectNumberColors()" classname="modelViewController.withComposite.types.ColorTest" time="0.002"/>
  <testcase name="testGivenColorNameIfColorIsReturned()" classname="modelViewController.withComposite.types.ColorTest" time="0.001"/>
  <system-out><![CDATA[]]></system-out>
  <system-err><![CDATA[]]></system-err>
</testsuite>
