<?xml version="1.0" encoding="UTF-8"?>
<testsuite name="modelViewController.withComposite.domain.MementoTest" tests="2" skipped="0" failures="0" errors="0" timestamp="2022-11-01T15:44:59" hostname="ADRIAN" time="0.034">
  <properties/>
  <testcase name="testGivenABuildBoardCheckGetBoardIsTheSame()" classname="modelViewController.withComposite.domain.MementoTest" time="0.031"/>
  <testcase name="testActivePlayerFromMementoIsCorrectOne()" classname="modelViewController.withComposite.domain.MementoTest" time="0.001"/>
  <system-out><![CDATA[]]></system-out>
  <system-err><![CDATA[]]></system-err>
</testsuite>
