<?xml version="1.0" encoding="UTF-8"?>
<testsuite name="modelViewController.withComposite.utils.ConsoleTest" tests="1" skipped="0" failures="0" errors="0" timestamp="2022-10-31T08:40:34" hostname="ADRIAN" time="1.287">
  <properties/>
  <testcase name="testReadFromConsoleValueWhichIsNotIntAndThrowsException()" classname="modelViewController.withComposite.utils.ConsoleTest" time="1.287"/>
  <system-out><![CDATA[]]></system-out>
  <system-err><![CDATA[]]></system-err>
</testsuite>
