<?xml version="1.0" encoding="UTF-8"?>
<testsuite name="modelViewPresenter.passiveView.controller.ResumeControllerTest" tests="2" skipped="0" failures="0" errors="0" timestamp="2022-11-09T14:18:25" hostname="ADRIAN" time="1.389">
  <properties/>
  <testcase name="testGivenFalseReadResumeViewCheckControlReturnFalse()" classname="modelViewPresenter.passiveView.controller.ResumeControllerTest" time="1.364"/>
  <testcase name="testGivenTrueReadResumeViewCheckControlReturnTrue()" classname="modelViewPresenter.passiveView.controller.ResumeControllerTest" time="0.013"/>
  <system-out><![CDATA[]]></system-out>
  <system-err><![CDATA[]]></system-err>
</testsuite>
